  enemy.cpp
E:\Faculdade\micro-shooter\micro-shooter\enemy.cpp(14,13): error C2511: 'void Enemy::draw(SDL_Renderer *)': função membro sobrecarregada não encontrada em 'Enemy'
  E:\Faculdade\micro-shooter\micro-shooter\enemy.hpp(7,7):
  consulte a declaração de 'Enemy'
  
E:\Faculdade\micro-shooter\micro-shooter\enemy.cpp(17,11): error C2597: referência inválida para membro não static 'Object::x'
  E:\Faculdade\micro-shooter\micro-shooter\enemy.cpp(17,11):
  consulte a declaração de 'Object::x'
  
E:\Faculdade\micro-shooter\micro-shooter\enemy.cpp(17,11): error C3867: 'Object::x': sintaxe não padrão. Use "&" para criar um ponteiro para membro
E:\Faculdade\micro-shooter\micro-shooter\enemy.cpp(17,11): error C2568: '=': não é possível resolver sobrecarga de função
E:\Faculdade\micro-shooter\micro-shooter\enemy.cpp(18,11): error C2597: referência inválida para membro não static 'Object::y'
  E:\Faculdade\micro-shooter\micro-shooter\enemy.cpp(18,11):
  consulte a declaração de 'Object::y'
  
E:\Faculdade\micro-shooter\micro-shooter\enemy.cpp(18,11): error C3867: 'Object::y': sintaxe não padrão. Use "&" para criar um ponteiro para membro
E:\Faculdade\micro-shooter\micro-shooter\enemy.cpp(18,11): error C2568: '=': não é possível resolver sobrecarga de função
E:\Faculdade\micro-shooter\micro-shooter\enemy.cpp(19,11): error C2597: referência inválida para membro não static 'Object::width'
  E:\Faculdade\micro-shooter\micro-shooter\enemy.cpp(19,11):
  consulte a declaração de 'Object::width'
  
E:\Faculdade\micro-shooter\micro-shooter\enemy.cpp(19,11): error C3867: 'Object::width': sintaxe não padrão. Use "&" para criar um ponteiro para membro
E:\Faculdade\micro-shooter\micro-shooter\enemy.cpp(19,11): error C2568: '=': não é possível resolver sobrecarga de função
E:\Faculdade\micro-shooter\micro-shooter\enemy.cpp(20,11): error C2597: referência inválida para membro não static 'Object::height'
  E:\Faculdade\micro-shooter\micro-shooter\enemy.cpp(20,11):
  consulte a declaração de 'Object::height'
  
E:\Faculdade\micro-shooter\micro-shooter\enemy.cpp(20,11): error C3867: 'Object::height': sintaxe não padrão. Use "&" para criar um ponteiro para membro
E:\Faculdade\micro-shooter\micro-shooter\enemy.cpp(20,11): error C2568: '=': não é possível resolver sobrecarga de função
  main.cpp
E:\Faculdade\micro-shooter\micro-shooter\object.hpp(5,14): error C2011: 'Object': redefinição do tipo 'class'
  (compilando o arquivo fonte 'main.cpp')
  E:\Faculdade\micro-shooter\micro-shooter\object.hpp(5,7):
  consulte a declaração de 'Object'
  
E:\Faculdade\micro-shooter\micro-shooter\enemy.hpp(7,22): error C2504: 'Object': classe base indefinida
  (compilando o arquivo fonte 'main.cpp')
  
E:\Faculdade\micro-shooter\micro-shooter\main.cpp(20,8): error C2660: 'Enemy::draw': função não recebe 1 argumentos
  E:\Faculdade\micro-shooter\micro-shooter\enemy.hpp(10,7):
  consulte a declaração de 'Enemy::draw'
  E:\Faculdade\micro-shooter\micro-shooter\main.cpp(20,8):
  ao tentar corresponder a lista de argumentos '(SDL_Renderer *)'
  
  object.hpp
  Gerando Código...
