d:\git\microshooter\projeto\micro-shooter\x64\debug\vc143.pdb
d:\git\microshooter\projeto\micro-shooter\x64\debug\vc143.idb
d:\git\microshooter\projeto\micro-shooter\x64\debug\player.obj
d:\git\microshooter\projeto\micro-shooter\x64\debug\object.obj
d:\git\microshooter\projeto\micro-shooter\x64\debug\game.obj
d:\git\microshooter\projeto\micro-shooter\x64\debug\main.obj
d:\git\microshooter\projeto\micro-shooter\x64\debug\event-implement-sdl.obj
d:\git\microshooter\projeto\micro-shooter\x64\debug\graphic-implement-sdl.obj
d:\git\microshooter\projeto\micro-shooter\x64\debug\enemy.obj
d:\git\microshooter\projeto\micro-shooter\x64\debug\bullet.obj
d:\git\microshooter\projeto\x64\debug\micro-shooter.exe
d:\git\microshooter\projeto\x64\debug\micro-shooter.pdb
d:\git\microshooter\projeto\micro-shooter\x64\debug\micro-shooter.ilk
d:\git\microshooter\projeto\micro-shooter\x64\debug\micro-shooter.tlog\cl.command.1.tlog
d:\git\microshooter\projeto\micro-shooter\x64\debug\micro-shooter.tlog\cl.items.tlog
d:\git\microshooter\projeto\micro-shooter\x64\debug\micro-shooter.tlog\cl.read.1.tlog
d:\git\microshooter\projeto\micro-shooter\x64\debug\micro-shooter.tlog\cl.write.1.tlog
d:\git\microshooter\projeto\micro-shooter\x64\debug\micro-shooter.tlog\link.command.1.tlog
d:\git\microshooter\projeto\micro-shooter\x64\debug\micro-shooter.tlog\link.read.1.tlog
d:\git\microshooter\projeto\micro-shooter\x64\debug\micro-shooter.tlog\link.secondary.1.tlog
d:\git\microshooter\projeto\micro-shooter\x64\debug\micro-shooter.tlog\link.write.1.tlog
